<?xml version="1.0" encoding="UTF-8"?>
<!-- Generated by org.testng.reporters.JUnitReportReporter -->
<testsuite hostname="LAPTOP-766AMPGS" failures="0" tests="3" name="neoStoxTest.NewTest2ReadingfromPropertyfile2" time="27.239" errors="0" timestamp="2022-12-16T18:11:27 IST" skipped="0">
  <testcase classname="neoStoxTest.NewTest2ReadingfromPropertyfile2" name="validateUsername" time="9.333"/>
  <system-out>
    <![CDATA[getting  actual username
actual username is Hi Pratiksha Onkar
taking screenshot
 reading Username from property file]]>
  </system-out>
  <testcase classname="neoStoxTest.NewTest2ReadingfromPropertyfile2" name="checkavailableBalance" time="9.236"/>
  <system-out>
    <![CDATA[getting available balance
taking screenshot]]>
  </system-out>
  <testcase classname="neoStoxTest.NewTest2ReadingfromPropertyfile2" name="releasedfunds" time="8.670"/>
  <system-out>
    <![CDATA[clicking on report
clicking on dashboard
taking screenshot
available RealizedProfit/ Loss is 0.00]]>
  </system-out>
</testsuite> <!-- neoStoxTest.NewTest2ReadingfromPropertyfile2 -->
